This is pdfTeX, Version 3.141592653-2.6-1.40.24 (MiKTeX 21.12) (preloaded format=pdflatex 2022.3.10)  29 OCT 2022 03:58
entering extended mode
 restricted \write18 enabled.
 %&-line parsing enabled.
**./chapter10.tex
(chapter10.tex
LaTeX2e <2021-11-15> patch level 1
L3 programming layer <2021-11-22> (F:\textstudio\tex/latex/base\book.cls
Document Class: book 2021/10/04 v1.4n Standard LaTeX document class
(F:\textstudio\tex/latex/base\bk12.clo
File: bk12.clo 2021/10/04 v1.4n Standard LaTeX file (size option)
)
\c@part=\count183
\c@chapter=\count184
\c@section=\count185
\c@subsection=\count186
\c@subsubsection=\count187
\c@paragraph=\count188
\c@subparagraph=\count189
\c@figure=\count190
\c@table=\count191
\abovecaptionskip=\skip47
\belowcaptionskip=\skip48
\bibindent=\dimen138
)
(F:\textstudio\tex/latex/graphics\graphicx.sty
Package: graphicx 2021/09/16 v1.2d Enhanced LaTeX Graphics (DPC,SPQR)

(F:\textstudio\tex/latex/graphics\keyval.sty
Package: keyval 2014/10/28 v1.15 key=value parser (DPC)
\KV@toks@=\toks16
)
(F:\textstudio\tex/latex/graphics\graphics.sty
Package: graphics 2021/03/04 v1.4d Standard LaTeX Graphics (DPC,SPQR)

(F:\textstudio\tex/latex/graphics\trig.sty
Package: trig 2021/08/11 v1.11 sin cos tan (DPC)
)
(F:\textstudio\tex/latex/graphics-cfg\graphics.cfg
File: graphics.cfg 2016/06/04 v1.11 sample graphics configuration
)
Package graphics Info: Driver file: pdftex.def on input line 107.

(F:\textstudio\tex/latex/graphics-def\pdftex.def
File: pdftex.def 2020/10/05 v1.2a Graphics/color driver for pdftex
))
\Gin@req@height=\dimen139
\Gin@req@width=\dimen140
)
(F:\textstudio\tex/latex/pdfpages\pdfpages.sty
Package: pdfpages 2022/10/09 v0.5w Insert pages of external PDF documents (AM)

(F:\textstudio\tex/latex/base\ifthen.sty
Package: ifthen 2020/11/24 v1.1c Standard LaTeX ifthen package (DPC)
)
(F:\textstudio\tex/latex/tools\calc.sty
Package: calc 2017/05/25 v4.3 Infix arithmetic (KKT,FJ)
\calc@Acount=\count192
\calc@Bcount=\count193
\calc@Adimen=\dimen141
\calc@Bdimen=\dimen142
\calc@Askip=\skip49
\calc@Bskip=\skip50
LaTeX Info: Redefining \setlength on input line 80.
LaTeX Info: Redefining \addtolength on input line 81.
\calc@Ccount=\count194
\calc@Cskip=\skip51
)
(F:\textstudio\tex/latex/eso-pic\eso-pic.sty
Package: eso-pic 2020/10/14 v3.0a eso-pic (RN)
\ESO@tempdima=\dimen143
\ESO@tempdimb=\dimen144

(F:\textstudio\tex/latex/xcolor\xcolor.sty
Package: xcolor 2021/10/31 v2.13 LaTeX color extensions (UK)

(F:\textstudio\tex/latex/graphics-cfg\color.cfg
File: color.cfg 2016/01/02 v1.6 sample color configuration
)
Package xcolor Info: Driver file: pdftex.def on input line 227.
Package xcolor Info: Model `cmy' substituted by `cmy0' on input line 1352.
Package xcolor Info: Model `hsb' substituted by `rgb' on input line 1356.
Package xcolor Info: Model `RGB' extended on input line 1368.
Package xcolor Info: Model `HTML' substituted by `rgb' on input line 1370.
Package xcolor Info: Model `Hsb' substituted by `hsb' on input line 1371.
Package xcolor Info: Model `tHsb' substituted by `hsb' on input line 1372.
Package xcolor Info: Model `HSB' substituted by `hsb' on input line 1373.
Package xcolor Info: Model `Gray' substituted by `gray' on input line 1374.
Package xcolor Info: Model `wave' substituted by `hsb' on input line 1375.
))
\AM@pagewidth=\dimen145
\AM@pageheight=\dimen146
\AM@fboxrule=\dimen147

(F:\textstudio\tex/latex/pdfpages\pppdftex.def
File: pppdftex.def 2022/10/09 v0.5w Pdfpages driver for pdfTeX (AM)
)
\pdfpages@includegraphics@status=\count195
\AM@pagebox=\box50
\AM@global@opts=\toks17
\AM@pagecnt=\count196
\AM@toc@title=\toks18
\c@AM@survey=\count197
\AM@templatesizebox=\box51
)
(F:\textstudio\tex/latex/l3backend\l3backend-pdftex.def
File: l3backend-pdftex.def 2021-10-18 L3 backend support: PDF output (pdfTeX)
\l__color_backend_stack_int=\count198
\l__pdf_internal_box=\box52
) (chapter10.aux)
\openout1 = `chapter10.aux'.

LaTeX Font Info:    Checking defaults for OML/cmm/m/it on input line 5.
LaTeX Font Info:    ... okay on input line 5.
LaTeX Font Info:    Checking defaults for OMS/cmsy/m/n on input line 5.
LaTeX Font Info:    ... okay on input line 5.
LaTeX Font Info:    Checking defaults for OT1/cmr/m/n on input line 5.
LaTeX Font Info:    ... okay on input line 5.
LaTeX Font Info:    Checking defaults for T1/cmr/m/n on input line 5.
LaTeX Font Info:    ... okay on input line 5.
LaTeX Font Info:    Checking defaults for TS1/cmr/m/n on input line 5.
LaTeX Font Info:    ... okay on input line 5.
LaTeX Font Info:    Checking defaults for OMX/cmex/m/n on input line 5.
LaTeX Font Info:    ... okay on input line 5.
LaTeX Font Info:    Checking defaults for U/cmr/m/n on input line 5.
LaTeX Font Info:    ... okay on input line 5.

(F:\textstudio\tex/context/base/mkii\supp-pdf.mkii
[Loading MPS to PDF converter (version 2006.09.02).]
\scratchcounter=\count199
\scratchdimen=\dimen148
\scratchbox=\box53
\nofMPsegments=\count266
\nofMParguments=\count267
\everyMPshowfont=\toks19
\MPscratchCnt=\count268
\MPscratchDim=\dimen149
\MPnumerator=\count269
\makeMPintoPDFobject=\count270
\everyMPtoPDFconversion=\toks20
) (F:\textstudio\tex/latex/epstopdf-pkg\epstopdf-base.sty
Package: epstopdf-base 2020-01-24 v2.11 Base part for package epstopdf
Package epstopdf-base Info: Redefining graphics rule for `.eps' on input line 4
85.

(F:\textstudio\tex/latex/00miktex\epstopdf-sys.cfg
File: epstopdf-sys.cfg 2021/03/18 v2.0 Configuration of epstopdf for MiKTeX
))
(F:\textstudio\tex/latex/pdflscape\pdflscape.sty
Package: pdflscape 2019/12/05 v0.12 Display of landscape pages in PDF (HO)

(F:\textstudio\tex/generic/iftex\iftex.sty
Package: iftex 2020/03/06 v1.0d TeX engine tests
)
(F:\textstudio\tex/latex/graphics\lscape.sty
Package: lscape 2020/05/28 v3.02 Landscape Pages (DPC)
)
Package pdflscape Info: Auto-detected driver: pdftex on input line 81.
) (chapter10.toc
LaTeX Font Info:    External font `cmex10' loaded for size
(Font)              <12> on input line 2.
LaTeX Font Info:    External font `cmex10' loaded for size
(Font)              <8> on input line 2.
LaTeX Font Info:    External font `cmex10' loaded for size
(Font)              <6> on input line 2.
)
\tf@toc=\write3
\openout3 = `chapter10.toc'.

 [1


{C:/Users/User/AppData/Local/MiKTeX/fonts/map/pdftex/pdftex.map}] [2

]
Chapter 1.
[3] [4]
<mypdf.pdf, id=18, 614.295pt x 794.97pt>
File: mypdf.pdf Graphic file (type pdf)
<use mypdf.pdf>
Package pdftex.def Info: mypdf.pdf  used on input line 75.
(pdftex.def)             Requested size: 614.29349pt x 794.96806pt.
File: mypdf.pdf Graphic file (type pdf)
<use mypdf.pdf>
Package pdftex.def Info: mypdf.pdf  used on input line 75.
(pdftex.def)             Requested size: 614.29349pt x 794.96806pt.
File: mypdf.pdf Graphic file (type pdf)
<use mypdf.pdf>
Package pdftex.def Info: mypdf.pdf  used on input line 75.
(pdftex.def)             Requested size: 614.29349pt x 794.96806pt.
File: mypdf.pdf Graphic file (type pdf)
<use mypdf.pdf>
Package pdftex.def Info: mypdf.pdf  used on input line 75.
(pdftex.def)             Requested size: 614.29349pt x 794.96806pt.
File: mypdf.pdf Graphic file (type pdf)
<use mypdf.pdf>
Package pdftex.def Info: mypdf.pdf  used on input line 75.
(pdftex.def)             Requested size: 614.29349pt x 794.96806pt.
File: mypdf.pdf Graphic file (type pdf)
<use mypdf.pdf>
Package pdftex.def Info: mypdf.pdf  used on input line 75.
(pdftex.def)             Requested size: 614.29349pt x 794.96806pt.
<mypdf.pdf, id=25, page=1, 614.295pt x 794.97pt>
File: mypdf.pdf Graphic file (type pdf)
<use mypdf.pdf, page 1>
Package pdftex.def Info: mypdf.pdf , page1 used on input line 75.
(pdftex.def)             Requested size: 614.29349pt x 794.96806pt.
File: mypdf.pdf Graphic file (type pdf)
<use mypdf.pdf, page 1>
Package pdftex.def Info: mypdf.pdf , page1 used on input line 75.
(pdftex.def)             Requested size: 597.78697pt x 773.60669pt.
 [5]
File: mypdf.pdf Graphic file (type pdf)
<use mypdf.pdf, page 1>
Package pdftex.def Info: mypdf.pdf , page1 used on input line 75.
(pdftex.def)             Requested size: 597.78697pt x 773.60669pt.
File: mypdf.pdf Graphic file (type pdf)
<use mypdf.pdf, page 1>
Package pdftex.def Info: mypdf.pdf , page1 used on input line 75.
(pdftex.def)             Requested size: 597.78697pt x 773.60669pt.
File: mypdf.pdf Graphic file (type pdf)
<use mypdf.pdf, page 1>
Package pdftex.def Info: mypdf.pdf , page1 used on input line 75.
(pdftex.def)             Requested size: 597.78697pt x 773.60669pt.
 [6 <./mypdf.pdf>]
<mypdf.pdf, id=51, page=2, 614.295pt x 794.97pt>
File: mypdf.pdf Graphic file (type pdf)
<use mypdf.pdf, page 2>
Package pdftex.def Info: mypdf.pdf , page2 used on input line 75.
(pdftex.def)             Requested size: 597.78697pt x 773.60669pt.
File: mypdf.pdf Graphic file (type pdf)
<use mypdf.pdf, page 2>
Package pdftex.def Info: mypdf.pdf , page2 used on input line 75.
(pdftex.def)             Requested size: 597.78697pt x 773.60669pt.
File: mypdf.pdf Graphic file (type pdf)
<use mypdf.pdf, page 2>
Package pdftex.def Info: mypdf.pdf , page2 used on input line 75.
(pdftex.def)             Requested size: 597.78697pt x 773.60669pt.
 [7 <./mypdf.pdf>]
<mypdf.pdf, id=56, page=3, 614.295pt x 794.97pt>
File: mypdf.pdf Graphic file (type pdf)
<use mypdf.pdf, page 3>
Package pdftex.def Info: mypdf.pdf , page3 used on input line 75.
(pdftex.def)             Requested size: 597.78697pt x 773.60669pt.
File: mypdf.pdf Graphic file (type pdf)
<use mypdf.pdf, page 3>
Package pdftex.def Info: mypdf.pdf , page3 used on input line 75.
(pdftex.def)             Requested size: 597.78697pt x 773.60669pt.
File: mypdf.pdf Graphic file (type pdf)
<use mypdf.pdf, page 3>
Package pdftex.def Info: mypdf.pdf , page3 used on input line 75.
(pdftex.def)             Requested size: 597.78697pt x 773.60669pt.
 [8 <./mypdf.pdf>]
<mypdf.pdf, id=61, page=4, 614.295pt x 794.97pt>
File: mypdf.pdf Graphic file (type pdf)
<use mypdf.pdf, page 4>
Package pdftex.def Info: mypdf.pdf , page4 used on input line 75.
(pdftex.def)             Requested size: 597.78697pt x 773.60669pt.
File: mypdf.pdf Graphic file (type pdf)
<use mypdf.pdf, page 4>
Package pdftex.def Info: mypdf.pdf , page4 used on input line 75.
(pdftex.def)             Requested size: 597.78697pt x 773.60669pt.
File: mypdf.pdf Graphic file (type pdf)
<use mypdf.pdf, page 4>
Package pdftex.def Info: mypdf.pdf , page4 used on input line 75.
(pdftex.def)             Requested size: 597.78697pt x 773.60669pt.
 [9 <./mypdf.pdf>]
<mypdf.pdf, id=65, page=5, 614.295pt x 794.97pt>
File: mypdf.pdf Graphic file (type pdf)
<use mypdf.pdf, page 5>
Package pdftex.def Info: mypdf.pdf , page5 used on input line 75.
(pdftex.def)             Requested size: 597.78697pt x 773.60669pt.
File: mypdf.pdf Graphic file (type pdf)
<use mypdf.pdf, page 5>
Package pdftex.def Info: mypdf.pdf , page5 used on input line 75.
(pdftex.def)             Requested size: 597.78697pt x 773.60669pt.
File: mypdf.pdf Graphic file (type pdf)
<use mypdf.pdf, page 5>
Package pdftex.def Info: mypdf.pdf , page5 used on input line 75.
(pdftex.def)             Requested size: 597.78697pt x 773.60669pt.
 [10 <./mypdf.pdf>] [11] (chapter10.aux) ) 
Here is how much of TeX's memory you used:
 2757 strings out of 478659
 42692 string characters out of 2860524
 348580 words of memory out of 3000000
 20857 multiletter control sequences out of 15000+600000
 408979 words of font info for 45 fonts, out of 8000000 for 9000
 1141 hyphenation exceptions out of 8191
 61i,17n,75p,460b,428s stack positions out of 5000i,500n,10000p,200000b,80000s
 <C:\Users\User\AppData\Local\MiKTeX\
fonts/pk/ljfour/jknappen/ec/dpi600\tcrm1200.pk><F:/textstudio/fonts/type1/publi
c/amsfonts/cm/cmbx12.pfb><F:/textstudio/fonts/type1/public/amsfonts/cm/cmr12.pf
b><F:/textstudio/fonts/type1/public/amsfonts/cm/cmsl12.pfb>
Output written on chapter10.pdf (11 pages, 137676 bytes).
PDF statistics:
 90 PDF objects out of 1000 (max. 8388607)
 0 named destinations out of 1000 (max. 500000)
 61 words of extra memory for PDF output out of 10000 (max. 10000000)

