This is pdfTeX, Version 3.141592653-2.6-1.40.24 (MiKTeX 21.12) (preloaded format=pdflatex 2022.3.10)  15 OCT 2022 02:32
entering extended mode
 restricted \write18 enabled.
 %&-line parsing enabled.
**./1.tex
(1.tex
LaTeX2e <2021-11-15> patch level 1
L3 programming layer <2021-11-22> (F:\textstudio\tex/latex/base\book.cls
Document Class: book 2021/10/04 v1.4n Standard LaTeX document class
(F:\textstudio\tex/latex/base\bk12.clo
File: bk12.clo 2021/10/04 v1.4n Standard LaTeX file (size option)
)
\c@part=\count183
\c@chapter=\count184
\c@section=\count185
\c@subsection=\count186
\c@subsubsection=\count187
\c@paragraph=\count188
\c@subparagraph=\count189
\c@figure=\count190
\c@table=\count191
\abovecaptionskip=\skip47
\belowcaptionskip=\skip48
\bibindent=\dimen138
)
(F:\textstudio\tex/latex/graphics\graphicx.sty
Package: graphicx 2021/09/16 v1.2d Enhanced LaTeX Graphics (DPC,SPQR)

(F:\textstudio\tex/latex/graphics\keyval.sty
Package: keyval 2014/10/28 v1.15 key=value parser (DPC)
\KV@toks@=\toks16
)
(F:\textstudio\tex/latex/graphics\graphics.sty
Package: graphics 2021/03/04 v1.4d Standard LaTeX Graphics (DPC,SPQR)

(F:\textstudio\tex/latex/graphics\trig.sty
Package: trig 2021/08/11 v1.11 sin cos tan (DPC)
)
(F:\textstudio\tex/latex/graphics-cfg\graphics.cfg
File: graphics.cfg 2016/06/04 v1.11 sample graphics configuration
)
Package graphics Info: Driver file: pdftex.def on input line 107.

(F:\textstudio\tex/latex/graphics-def\pdftex.def
File: pdftex.def 2020/10/05 v1.2a Graphics/color driver for pdftex
))
\Gin@req@height=\dimen139
\Gin@req@width=\dimen140
)
(F:\textstudio\tex/latex/l3backend\l3backend-pdftex.def
File: l3backend-pdftex.def 2021-10-18 L3 backend support: PDF output (pdfTeX)
\l__color_backend_stack_int=\count192
\l__pdf_internal_box=\box50
) (1.aux)
\openout1 = `1.aux'.

LaTeX Font Info:    Checking defaults for OML/cmm/m/it on input line 5.
LaTeX Font Info:    ... okay on input line 5.
LaTeX Font Info:    Checking defaults for OMS/cmsy/m/n on input line 5.
LaTeX Font Info:    ... okay on input line 5.
LaTeX Font Info:    Checking defaults for OT1/cmr/m/n on input line 5.
LaTeX Font Info:    ... okay on input line 5.
LaTeX Font Info:    Checking defaults for T1/cmr/m/n on input line 5.
LaTeX Font Info:    ... okay on input line 5.
LaTeX Font Info:    Checking defaults for TS1/cmr/m/n on input line 5.
LaTeX Font Info:    ... okay on input line 5.
LaTeX Font Info:    Checking defaults for OMX/cmex/m/n on input line 5.
LaTeX Font Info:    ... okay on input line 5.
LaTeX Font Info:    Checking defaults for U/cmr/m/n on input line 5.
LaTeX Font Info:    ... okay on input line 5.

(F:\textstudio\tex/context/base/mkii\supp-pdf.mkii
[Loading MPS to PDF converter (version 2006.09.02).]
\scratchcounter=\count193
\scratchdimen=\dimen141
\scratchbox=\box51
\nofMPsegments=\count194
\nofMParguments=\count195
\everyMPshowfont=\toks17
\MPscratchCnt=\count196
\MPscratchDim=\dimen142
\MPnumerator=\count197
\makeMPintoPDFobject=\count198
\everyMPtoPDFconversion=\toks18
) (F:\textstudio\tex/latex/epstopdf-pkg\epstopdf-base.sty
Package: epstopdf-base 2020-01-24 v2.11 Base part for package epstopdf
Package epstopdf-base Info: Redefining graphics rule for `.eps' on input line 4
85.

(F:\textstudio\tex/latex/00miktex\epstopdf-sys.cfg
File: epstopdf-sys.cfg 2021/03/18 v2.0 Configuration of epstopdf for MiKTeX
))
LaTeX Font Info:    External font `cmex10' loaded for size
(Font)              <14.4> on input line 6.
LaTeX Font Info:    External font `cmex10' loaded for size
(Font)              <7> on input line 6.
 [1


{C:/Users/User/AppData/Local/MiKTeX/fonts/map/pdftex/pdftex.map}] [2

]
Chapter 1.

Underfull \hbox (badness 10000) in paragraph at lines 11--13

 []


Underfull \hbox (badness 10000) in paragraph at lines 19--20

 []

[3]
<Performance-Testing-Process.jpg, id=14, 531.9875pt x 333.245pt>
File: Performance-Testing-Process.jpg Graphic file (type jpg)
<use Performance-Testing-Process.jpg>
Package pdftex.def Info: Performance-Testing-Process.jpg  used on input line 28
.
(pdftex.def)             Requested size: 272.99881pt x 171.01543pt.
<7_1.png, id=15, 257.763pt x 296.90926pt>
File: 7_1.png Graphic file (type png)
<use 7_1.png>
Package pdftex.def Info: 7_1.png  used on input line 38.
(pdftex.def)             Requested size: 234.00238pt x 269.54904pt.
 [4 <./Performance-Testing-Process.jpg>] [5 <./7_1.png>] (1.aux) ) 
Here is how much of TeX's memory you used:
 1314 strings out of 478659
 20872 string characters out of 2860524
 320823 words of memory out of 3000000
 19461 multiletter control sequences out of 15000+600000
 406504 words of font info for 37 fonts, out of 8000000 for 9000
 1141 hyphenation exceptions out of 8191
 55i,7n,62p,804b,232s stack positions out of 5000i,500n,10000p,200000b,80000s
<F:/textstudi
o/fonts/type1/public/amsfonts/cm/cmbx12.pfb><F:/textstudio/fonts/type1/public/a
msfonts/cm/cmr12.pfb><F:/textstudio/fonts/type1/public/amsfonts/cm/cmr17.pfb><F
:/textstudio/fonts/type1/public/amsfonts/cm/cmsl12.pfb>
Output written on 1.pdf (5 pages, 175274 bytes).
PDF statistics:
 42 PDF objects out of 1000 (max. 8388607)
 0 named destinations out of 1000 (max. 500000)
 11 words of extra memory for PDF output out of 10000 (max. 10000000)

